<?xml version="1.0" encoding="UTF-8"?>
<!-- Generated by org.testng.reporters.JUnitXMLReporter -->
<testsuite ignored="0" hostname="MJ004519" failures="1" tests="2" name="Run" time="6.986" errors="0" timestamp="2023-07-17T12:53:49 BST">
  <testcase classname="io.cucumber.testng.AbstractTestNGCucumberTests" name="runScenario" time="4.931"/>
  <testcase classname="io.cucumber.testng.AbstractTestNGCucumberTests" name="runScenario" time="0.651">
    <failure type="java.lang.AssertionError" message="expected [HMPPS Digital Services - Sign in] but found [Manage prison visits - Manage prison visits]">
      <![CDATA[java.lang.AssertionError: expected [HMPPS Digital Services - Sign in] but found [Manage prison visits - Manage prison visits]
at pages.commonMethods.isPageTitleDisplayed(commonMethods.java:29)
at stepDefinitions.CommonSteps.im_on_vsip_page(CommonSteps.java:24)
at ✽.Im on "HMPPS Digital Services - Sign in" page(file:///Users/anu.nagula/Projects/hmpps-vsip-ui-tests/src/test/resources/features/Login.feature:6)
... Removed 6 stack frames]]>
    </failure>
  </testcase> <!-- runScenario -->
</testsuite> <!-- Run -->
