<?xml version="1.0" encoding="UTF-8"?>
<testng-results ignored="0" total="1" passed="1" failed="0" skipped="0">
  <reporter-output>
  </reporter-output>
  <suite started-at="2023-06-28T09:53:33 BST" name="Suite" finished-at="2023-06-28T09:53:38 BST" duration-ms="4953">
    <groups>
      <group name="cucumber">
        <method signature="AbstractTestNGCucumberTests.runScenario(io.cucumber.testng.PickleWrapper,io.cucumber.testng.FeatureWrapper)[pri:0, instance:suites.RunSuite@1184ab05]" name="runScenario" class="io.cucumber.testng.AbstractTestNGCucumberTests"/>
      </group> <!-- cucumber -->
    </groups>
    <test started-at="2023-06-28T09:53:33 BST" name="Run" finished-at="2023-06-28T09:53:38 BST" duration-ms="4953">
      <class name="suites.RunSuite">
        <test-method is-config="true" signature="setUpClass(org.testng.ITestContext)[pri:0, instance:suites.RunSuite@1184ab05]" started-at="2023-06-28T09:53:33 BST" name="setUpClass" finished-at="2023-06-28T09:53:33 BST" duration-ms="214" status="PASS">
          <params>
            <param index="0">
              <value>
                <![CDATA[org.testng.TestRunner@43d3aba5]]>
              </value>
            </param>
          </params>
          <reporter-output>
          </reporter-output>
        </test-method> <!-- setUpClass -->
        <test-method signature="runScenario(io.cucumber.testng.PickleWrapper,io.cucumber.testng.FeatureWrapper)[pri:0, instance:suites.RunSuite@1184ab05]" started-at="2023-06-28T09:53:33 BST" name="runScenario" description="Runs Cucumber Scenarios" data-provider="scenarios" finished-at="2023-06-28T09:53:37 BST" duration-ms="4112" status="PASS">
          <params>
            <param index="0">
              <value>
                <![CDATA["Access VSIP homepage"]]>
              </value>
            </param>
            <param index="1">
              <value>
                <![CDATA["Login"]]>
              </value>
            </param>
          </params>
          <reporter-output>
          </reporter-output>
        </test-method> <!-- runScenario -->
        <test-method is-config="true" signature="tearDownClass()[pri:0, instance:suites.RunSuite@1184ab05]" started-at="2023-06-28T09:53:38 BST" name="tearDownClass" finished-at="2023-06-28T09:53:38 BST" duration-ms="607" status="PASS">
          <reporter-output>
          </reporter-output>
        </test-method> <!-- tearDownClass -->
      </class> <!-- suites.RunSuite -->
    </test> <!-- Run -->
  </suite> <!-- Suite -->
</testng-results>
