<?xml version="1.0" encoding="UTF-8"?>
<testng-results ignored="0" total="2" passed="2" failed="0" skipped="0">
  <reporter-output>
  </reporter-output>
  <suite started-at="2023-07-25T22:07:58 BST" name="Suite" finished-at="2023-07-25T22:08:05 BST" duration-ms="6762">
    <groups>
      <group name="cucumber">
        <method signature="AbstractTestNGCucumberTests.runScenario(io.cucumber.testng.PickleWrapper,io.cucumber.testng.FeatureWrapper)[pri:0, instance:suites.RunSuite@1059754c]" name="runScenario" class="io.cucumber.testng.AbstractTestNGCucumberTests"/>
      </group> <!-- cucumber -->
    </groups>
    <test started-at="2023-07-25T22:07:58 BST" name="Run" finished-at="2023-07-25T22:08:05 BST" duration-ms="6762">
      <class name="suites.RunSuite">
        <test-method is-config="true" signature="setUpClass(org.testng.ITestContext)[pri:0, instance:suites.RunSuite@1059754c]" started-at="2023-07-25T22:07:58 BST" name="setUpClass" finished-at="2023-07-25T22:07:59 BST" duration-ms="224" status="PASS">
          <params>
            <param index="0">
              <value>
                <![CDATA[org.testng.TestRunner@58a2d9f9]]>
              </value>
            </param>
          </params>
          <reporter-output>
          </reporter-output>
        </test-method> <!-- setUpClass -->
        <test-method signature="runScenario(io.cucumber.testng.PickleWrapper,io.cucumber.testng.FeatureWrapper)[pri:0, instance:suites.RunSuite@1059754c]" started-at="2023-07-25T22:07:59 BST" name="runScenario" description="Runs Cucumber Scenarios" data-provider="scenarios" finished-at="2023-07-25T22:08:03 BST" duration-ms="4555" status="PASS">
          <params>
            <param index="0">
              <value>
                <![CDATA["Confirm Cancel a visit"]]>
              </value>
            </param>
            <param index="1">
              <value>
                <![CDATA["Cancel a Visit"]]>
              </value>
            </param>
          </params>
          <reporter-output>
          </reporter-output>
        </test-method> <!-- runScenario -->
        <test-method signature="runScenario(io.cucumber.testng.PickleWrapper,io.cucumber.testng.FeatureWrapper)[pri:0, instance:suites.RunSuite@1059754c]" started-at="2023-07-25T22:08:03 BST" name="runScenario" description="Runs Cucumber Scenarios" data-provider="scenarios" finished-at="2023-07-25T22:08:04 BST" duration-ms="980" status="PASS">
          <params>
            <param index="0">
              <value>
                <![CDATA["Access VSIP homepage"]]>
              </value>
            </param>
            <param index="1">
              <value>
                <![CDATA["Login"]]>
              </value>
            </param>
          </params>
          <reporter-output>
          </reporter-output>
        </test-method> <!-- runScenario -->
        <test-method is-config="true" signature="tearDownClass()[pri:0, instance:suites.RunSuite@1059754c]" started-at="2023-07-25T22:08:04 BST" name="tearDownClass" finished-at="2023-07-25T22:08:05 BST" duration-ms="987" status="PASS">
          <reporter-output>
          </reporter-output>
        </test-method> <!-- tearDownClass -->
      </class> <!-- suites.RunSuite -->
    </test> <!-- Run -->
  </suite> <!-- Suite -->
</testng-results>
