<?xml version="1.0" encoding="UTF-8"?>
<testsuite xmlns:xsi="http://www.w3.org/2001/XMLSchema-instance" xsi:noNamespaceSchemaLocation="https://maven.apache.org/surefire/maven-surefire-plugin/xsd/surefire-test-report-3.0.xsd" version="3.0" name="TestSuite" time="33.09" tests="1" errors="0" skipped="0" failures="1">
  <properties>
[...]
</properties>
  <testcase name="runScenario[&quot;Cancel a visit with Visitor Cancelled option&quot;, &quot;Cancel a Visit&quot;](1)" classname="suites.RunSuite" time="24.185">
    <failure message="no such element: Unable to locate element: {&quot;method&quot;:&quot;xpath&quot;,&quot;selector&quot;:&quot;//input[@id=&apos;reason_visitor_cancelled&apos;]&quot;}&#10;  (Session info: chrome=115.0.5790.114)&#10;For documentation on this error, please visit: https://selenium.dev/exceptions/#no_such_element&#10;Build info: version: &apos;4.9.1&apos;, revision: &apos;eb2032df7f&apos;&#10;System info: os.name: &apos;Mac OS X&apos;, os.arch: &apos;aarch64&apos;, os.version: &apos;13.3.1&apos;, java.version: &apos;20.0.1&apos;&#10;Driver info: org.openqa.selenium.chrome.ChromeDriver&#10;Command: [d10fc8cd0c77e3185e94b7e9a48c0ba9, findElement {using=xpath, value=//input[@id=&apos;reason_visitor_cancelled&apos;]}]&#10;Capabilities {acceptInsecureCerts: false, browserName: chrome, browserVersion: 115.0.5790.114, chrome: {chromedriverVersion: 114.0.5735.90 (386bc09e8f4f..., userDataDir: /var/folders/42/tg1qk0y13d5...}, goog:chromeOptions: {debuggerAddress: localhost:49369}, networkConnectionEnabled: false, pageLoadStrategy: normal, platformName: mac, proxy: Proxy(), se:cdp: ws://localhost:49369/devtoo..., se:cdpVersion: 115.0.5790.114, setWindowRect: true, strictFileInteractability: false, timeouts: {implicit: 0, pageLoad: 300000, script: 30000}, unhandledPromptBehavior: dismiss and notify, webauthn:extension:credBlob: true, webauthn:extension:largeBlob: true, webauthn:extension:minPinLength: true, webauthn:extension:prf: true, webauthn:virtualAuthenticators: true}&#10;Session ID: d10fc8cd0c77e3185e94b7e9a48c0ba9" type="org.openqa.selenium.NoSuchElementException"><![CDATA[org.openqa.selenium.NoSuchElementException: 
no such element: Unable to locate element: {"method":"xpath","selector":"//input[@id='reason_visitor_cancelled']"}
  (Session info: chrome=115.0.5790.114)
For documentation on this error, please visit: https://selenium.dev/exceptions/#no_such_element
Build info: version: '4.9.1', revision: 'eb2032df7f'
System info: os.name: 'Mac OS X', os.arch: 'aarch64', os.version: '13.3.1', java.version: '20.0.1'
Driver info: org.openqa.selenium.chrome.ChromeDriver
Command: [d10fc8cd0c77e3185e94b7e9a48c0ba9, findElement {using=xpath, value=//input[@id='reason_visitor_cancelled']}]
Capabilities {acceptInsecureCerts: false, browserName: chrome, browserVersion: 115.0.5790.114, chrome: {chromedriverVersion: 114.0.5735.90 (386bc09e8f4f..., userDataDir: /var/folders/42/tg1qk0y13d5...}, goog:chromeOptions: {debuggerAddress: localhost:49369}, networkConnectionEnabled: false, pageLoadStrategy: normal, platformName: mac, proxy: Proxy(), se:cdp: ws://localhost:49369/devtoo..., se:cdpVersion: 115.0.5790.114, setWindowRect: true, strictFileInteractability: false, timeouts: {implicit: 0, pageLoad: 300000, script: 30000}, unhandledPromptBehavior: dismiss and notify, webauthn:extension:credBlob: true, webauthn:extension:largeBlob: true, webauthn:extension:minPinLength: true, webauthn:extension:prf: true, webauthn:virtualAuthenticators: true}
Session ID: d10fc8cd0c77e3185e94b7e9a48c0ba9
	at java.base/jdk.internal.reflect.DirectConstructorHandleAccessor.newInstance(DirectConstructorHandleAccessor.java:67)
	at java.base/java.lang.reflect.Constructor.newInstanceWithCaller(Constructor.java:500)
	at java.base/java.lang.reflect.Constructor.newInstance(Constructor.java:484)
	at org.openqa.selenium.remote.codec.w3c.W3CHttpResponseCodec.createException(W3CHttpResponseCodec.java:200)
	at org.openqa.selenium.remote.codec.w3c.W3CHttpResponseCodec.decode(W3CHttpResponseCodec.java:133)
	at org.openqa.selenium.remote.codec.w3c.W3CHttpResponseCodec.decode(W3CHttpResponseCodec.java:53)
	at org.openqa.selenium.remote.HttpCommandExecutor.execute(HttpCommandExecutor.java:193)
	at org.openqa.selenium.remote.service.DriverCommandExecutor.invokeExecute(DriverCommandExecutor.java:183)
	at org.openqa.selenium.remote.service.DriverCommandExecutor.execute(DriverCommandExecutor.java:158)
	at org.openqa.selenium.remote.RemoteWebDriver.execute(RemoteWebDriver.java:543)
	at org.openqa.selenium.remote.ElementLocation$ElementFinder$2.findElement(ElementLocation.java:162)
	at org.openqa.selenium.remote.ElementLocation.findElement(ElementLocation.java:60)
	at org.openqa.selenium.remote.RemoteWebDriver.findElement(RemoteWebDriver.java:352)
	at org.openqa.selenium.remote.RemoteWebDriver.findElement(RemoteWebDriver.java:344)
	at org.openqa.selenium.support.ui.ExpectedConditions$6.apply(ExpectedConditions.java:174)
	at org.openqa.selenium.support.ui.ExpectedConditions$6.apply(ExpectedConditions.java:171)
	at org.openqa.selenium.support.ui.FluentWait.until(FluentWait.java:208)
	at pages.commonMethods.enterValInTextField(commonMethods.java:78)
	at pages.CancelAVisitPage.enterReasonForCancellation(CancelAVisitPage.java:25)
	at stepDefinitions.CancelAVisitStepDefinitions.iEnterCancellationForTheVisit(CancelAVisitStepDefinitions.java:20)
	at ✽.I enter cancellation "Health issues" for the visit(file:///Users/anu.nagula/Projects/hmpps-vsip-ui-tests/src/test/resources/features/CancelAVisit.feature:25)
]]></failure>
    <system-out><![CDATA[
@suites
Scenario Outline: Cancel a visit with Visitor Cancelled option                  &amp#27;[90m# src/test/resources/features/CancelAVisit.feature:32&amp#27;[0m
  &amp#27;[32mGiven &amp#27;[0m&amp#27;[32mI navigate to VSIP service&amp#27;[0m                                              &amp#27;[90m# stepDefinitions.LoginStepDefinitions.i_navigate_to_vsip_service()&amp#27;[0m
  &amp#27;[32mAnd &amp#27;[0m&amp#27;[32mIm on &amp#27;[0m&amp#27;[32m&amp#27;[1m"HMPPS Digital Services - Sign in"&amp#27;[0m&amp#27;[32m page&amp#27;[0m                             &amp#27;[90m# stepDefinitions.CommonSteps.im_on_vsip_page(java.lang.String)&amp#27;[0m
  &amp#27;[32mAnd &amp#27;[0m&amp#27;[32mI enter &amp#27;[0m&amp#27;[32m&amp#27;[1m"ANAGULA_GEN"&amp#27;[0m                                                     &amp#27;[90m# stepDefinitions.LoginStepDefinitions.i_enter(java.lang.String)&amp#27;[0m
  &amp#27;[32mAnd &amp#27;[0m&amp#27;[32mI enter the &amp#27;[0m&amp#27;[32m&amp#27;[1m"Ministryofjustice10"&amp#27;[0m                                         &amp#27;[90m# stepDefinitions.LoginStepDefinitions.i_enter_the(java.lang.String)&amp#27;[0m
  &amp#27;[32mAnd &amp#27;[0m&amp#27;[32mclick on submit button&amp#27;[0m                                                    &amp#27;[90m# stepDefinitions.CommonSteps.i_click_on_submit_button()&amp#27;[0m
  &amp#27;[32mThen &amp#27;[0m&amp#27;[32mIm on &amp#27;[0m&amp#27;[32m&amp#27;[1m"Manage prison visits - Manage prison visits"&amp#27;[0m&amp#27;[32m page&amp#27;[0m                 &amp#27;[90m# stepDefinitions.CommonSteps.im_on_vsip_page(java.lang.String)&amp#27;[0m
  &amp#27;[32mAnd &amp#27;[0m&amp#27;[32mI click on Change a visit option&amp#27;[0m                                          &amp#27;[90m# stepDefinitions.HomeStepDefinitions.iClickOnChangeAVisitOption()&amp#27;[0m
  &amp#27;[32mAnd &amp#27;[0m&amp#27;[32mIm on &amp#27;[0m&amp#27;[32m&amp#27;[1m"Manage prison visits - Search for a booking"&amp#27;[0m&amp#27;[32m page&amp#27;[0m                  &amp#27;[90m# stepDefinitions.CommonSteps.im_on_vsip_page(java.lang.String)&amp#27;[0m
  &amp#27;[32mAnd &amp#27;[0m&amp#27;[32mI enter &amp#27;[0m&amp#27;[32m&amp#27;[1m"nx"&amp#27;[0m&amp#27;[32m in first block&amp#27;[0m                                               &amp#27;[90m# stepDefinitions.SearchStepDefinitions.iEnterInFirstBlock(java.lang.String)&amp#27;[0m
  &amp#27;[32mAnd &amp#27;[0m&amp#27;[32mI enter &amp#27;[0m&amp#27;[32m&amp#27;[1m"io"&amp#27;[0m&amp#27;[32m in second block&amp#27;[0m                                              &amp#27;[90m# stepDefinitions.SearchStepDefinitions.iEnterInSecondBlock(java.lang.String)&amp#27;[0m
  &amp#27;[32mAnd &amp#27;[0m&amp#27;[32mI enter &amp#27;[0m&amp#27;[32m&amp#27;[1m"xn"&amp#27;[0m&amp#27;[32m in third block&amp#27;[0m                                               &amp#27;[90m# stepDefinitions.SearchStepDefinitions.iEnterInThirdBlock(java.lang.String)&amp#27;[0m
  &amp#27;[32mAnd &amp#27;[0m&amp#27;[32mI enter &amp#27;[0m&amp#27;[32m&amp#27;[1m"py"&amp#27;[0m&amp#27;[32m in fourth block&amp#27;[0m                                              &amp#27;[90m# stepDefinitions.SearchStepDefinitions.iEnterInFourthBlock(java.lang.String)&amp#27;[0m
  &amp#27;[32mAnd &amp#27;[0m&amp#27;[32mclick on search button&amp#27;[0m                                                    &amp#27;[90m# stepDefinitions.SearchStepDefinitions.clickOnSearchButton()&amp#27;[0m
  &amp#27;[32mThen &amp#27;[0m&amp#27;[32mI choose prison from search results&amp#27;[0m                                      &amp#27;[90m# stepDefinitions.SearchStepDefinitions.i_choose_prison_from_search_results()&amp#27;[0m
  &amp#27;[32mThen &amp#27;[0m&amp#27;[32mIm on &amp#27;[0m&amp#27;[32m&amp#27;[1m"Manage prison visits - Booking details - nx-io-xn-py"&amp#27;[0m&amp#27;[32m page&amp#27;[0m        &amp#27;[90m# stepDefinitions.CommonSteps.im_on_vsip_page(java.lang.String)&amp#27;[0m
  &amp#27;[32mAnd &amp#27;[0m&amp#27;[32mI click on Cancel a visit button&amp#27;[0m                                          &amp#27;[90m# stepDefinitions.PrisonerDetailsStepDefinitions.iClickOnCancelAVisitButton()&amp#27;[0m
  &amp#27;[32mThen &amp#27;[0m&amp#27;[32mIm on &amp#27;[0m&amp#27;[32m&amp#27;[1m"Manage prison visits - Why is this booking being cancelled?"&amp#27;[0m&amp#27;[32m page&amp#27;[0m &amp#27;[90m# stepDefinitions.CommonSteps.im_on_vsip_page(java.lang.String)&amp#27;[0m
  &amp#27;[32mAnd &amp#27;[0m&amp#27;[32mI select Visitor Cancelled option&amp#27;[0m                                         &amp#27;[90m# stepDefinitions.CancelAVisitStepDefinitions.iSelectVisitorCancelledOption()&amp#27;[0m
  &amp#27;[32mAnd &amp#27;[0m&amp#27;[32mI select Phone call option&amp#27;[0m                                                &amp#27;[90m# stepDefinitions.CancelAVisitStepDefinitions.iSelectPhoneCallOption()&amp#27;[0m
  &amp#27;[31mAnd &amp#27;[0m&amp#27;[31mI enter cancellation &amp#27;[0m&amp#27;[31m&amp#27;[1m"Health issues"&amp#27;[0m&amp#27;[31m for the visit&amp#27;[0m                        &amp#27;[90m# stepDefinitions.CancelAVisitStepDefinitions.iEnterCancellationForTheVisit(java.lang.String)&amp#27;[0m
      &amp#27;[31morg.openqa.selenium.NoSuchElementException: no such element: Unable to locate element: {"method":"xpath","selector":"//input[@id='reason_visitor_cancelled']"}
  (Session info: chrome=115.0.5790.114)
For documentation on this error, please visit: https://selenium.dev/exceptions/#no_such_element
Build info: version: '4.9.1', revision: 'eb2032df7f'
System info: os.name: 'Mac OS X', os.arch: 'aarch64', os.version: '13.3.1', java.version: '20.0.1'
Driver info: org.openqa.selenium.chrome.ChromeDriver
Command: [d10fc8cd0c77e3185e94b7e9a48c0ba9, findElement {using=xpath, value=//input[@id='reason_visitor_cancelled']}]
Capabilities {acceptInsecureCerts: false, browserName: chrome, browserVersion: 115.0.5790.114, chrome: {chromedriverVersion: 114.0.5735.90 (386bc09e8f4f..., userDataDir: /var/folders/42/tg1qk0y13d5...}, goog:chromeOptions: {debuggerAddress: localhost:49369}, networkConnectionEnabled: false, pageLoadStrategy: normal, platformName: mac, proxy: Proxy(), se:cdp: ws://localhost:49369/devtoo..., se:cdpVersion: 115.0.5790.114, setWindowRect: true, strictFileInteractability: false, timeouts: {implicit: 0, pageLoad: 300000, script: 30000}, unhandledPromptBehavior: dismiss and notify, webauthn:extension:credBlob: true, webauthn:extension:largeBlob: true, webauthn:extension:minPinLength: true, webauthn:extension:prf: true, webauthn:virtualAuthenticators: true}
Session ID: d10fc8cd0c77e3185e94b7e9a48c0ba9
	at java.base/jdk.internal.reflect.DirectConstructorHandleAccessor.newInstance(DirectConstructorHandleAccessor.java:67)
	at java.base/java.lang.reflect.Constructor.newInstanceWithCaller(Constructor.java:500)
	at java.base/java.lang.reflect.Constructor.newInstance(Constructor.java:484)
	at org.openqa.selenium.remote.codec.w3c.W3CHttpResponseCodec.createException(W3CHttpResponseCodec.java:200)
	at org.openqa.selenium.remote.codec.w3c.W3CHttpResponseCodec.decode(W3CHttpResponseCodec.java:133)
	at org.openqa.selenium.remote.codec.w3c.W3CHttpResponseCodec.decode(W3CHttpResponseCodec.java:53)
	at org.openqa.selenium.remote.HttpCommandExecutor.execute(HttpCommandExecutor.java:193)
	at org.openqa.selenium.remote.service.DriverCommandExecutor.invokeExecute(DriverCommandExecutor.java:183)
	at org.openqa.selenium.remote.service.DriverCommandExecutor.execute(DriverCommandExecutor.java:158)
	at org.openqa.selenium.remote.RemoteWebDriver.execute(RemoteWebDriver.java:543)
	at org.openqa.selenium.remote.ElementLocation$ElementFinder$2.findElement(ElementLocation.java:162)
	at org.openqa.selenium.remote.ElementLocation.findElement(ElementLocation.java:60)
	at org.openqa.selenium.remote.RemoteWebDriver.findElement(RemoteWebDriver.java:352)
	at org.openqa.selenium.remote.RemoteWebDriver.findElement(RemoteWebDriver.java:344)
	at org.openqa.selenium.support.ui.ExpectedConditions$6.apply(ExpectedConditions.java:174)
	at org.openqa.selenium.support.ui.ExpectedConditions$6.apply(ExpectedConditions.java:171)
	at org.openqa.selenium.support.ui.FluentWait.until(FluentWait.java:208)
	at pages.commonMethods.enterValInTextField(commonMethods.java:78)
	at pages.CancelAVisitPage.enterReasonForCancellation(CancelAVisitPage.java:25)
	at stepDefinitions.CancelAVisitStepDefinitions.iEnterCancellationForTheVisit(CancelAVisitStepDefinitions.java:20)
	at ✽.I enter cancellation "Health issues" for the visit(file:///Users/anu.nagula/Projects/hmpps-vsip-ui-tests/src/test/resources/features/CancelAVisit.feature:25)
&amp#27;[0m
  &amp#27;[36mAnd &amp#27;[0m&amp#27;[36mclick on cancel button&amp#27;[0m                                                    &amp#27;[90m# stepDefinitions.CancelAVisitStepDefinitions.clickOnCancelButton()&amp#27;[0m
  &amp#27;[36mThen &amp#27;[0m&amp#27;[36mIm on &amp#27;[0m&amp#27;[36m&amp#27;[1m"Manage prison visits - Booking cancelled"&amp#27;[0m&amp#27;[36m page&amp#27;[0m                    &amp#27;[90m# stepDefinitions.CommonSteps.im_on_vsip_page(java.lang.String)&amp#27;[0m
  &amp#27;[36mAnd &amp#27;[0m&amp#27;[36mI see &amp#27;[0m&amp#27;[36m&amp#27;[1m"Booking cancelled"&amp#27;[0m&amp#27;[36m message displayed&amp#27;[0m                               &amp#27;[90m# stepDefinitions.ConfirmationStepDefinitions.iSeeMessageDisplayed(java.lang.String)&amp#27;[0m

    Embedding Screenshot [image/png 188219 bytes]

]]></system-out>
    <system-err><![CDATA[SLF4J: Failed to load class "org.slf4j.impl.StaticLoggerBinder".
SLF4J: Defaulting to no-operation (NOP) logger implementation
SLF4J: See http://www.slf4j.org/codes.html#StaticLoggerBinder for further details.
Aug 03, 2023 11:22:33 AM org.openqa.selenium.manager.SeleniumManager getDriverPath
INFO: Applicable driver not found; attempting to install with Selenium Manager (Beta)
Starting ChromeDriver 114.0.5735.90 (386bc09e8f4f2e025eddae123f36f6263096ae49-refs/branch-heads/5735@{#1052}) on port 35761
Only local connections are allowed.
Please see https://chromedriver.chromium.org/security-considerations for suggestions on keeping ChromeDriver safe.
ChromeDriver was started successfully.
[1691058155.179][WARNING]: This version of ChromeDriver has not been tested with Chrome version 115.
Aug 03, 2023 11:22:35 AM org.openqa.selenium.devtools.CdpVersionFinder findNearestMatch
WARNING: Unable to find an exact match for CDP version 115, so returning the closest version found: 113
]]></system-err>
  </testcase>
</testsuite>