<?xml version="1.0" encoding="UTF-8"?>
<testsuite xmlns:xsi="http://www.w3.org/2001/XMLSchema-instance" xsi:noNamespaceSchemaLocation="https://maven.apache.org/surefire/maven-surefire-plugin/xsd/surefire-test-report-3.0.xsd" version="3.0" name="TestSuite" time="11.99" tests="1" errors="0" skipped="0" failures="0">
  <properties>
[...]
</properties>
  <testcase name="runScenario[&quot;Confirm Cancel a visit by a visitor&quot;, &quot;Cancel a Visit&quot;](1)" classname="suites.RunSuite" time="3.348">
    <system-out><![CDATA[
@suites
Scenario Outline: Confirm Cancel a visit by a visitor                    &amp#27;[90m# src/test/resources/features/CancelAVisit.feature:143&amp#27;[0m
  &amp#27;[32mGiven &amp#27;[0m&amp#27;[32mI navigate to VSIP service&amp#27;[0m                                       &amp#27;[90m# stepDefinitions.LoginStepDefinitions.i_navigate_to_vsip_service()&amp#27;[0m
  &amp#27;[32mAnd &amp#27;[0m&amp#27;[32mIm on &amp#27;[0m&amp#27;[32m&amp#27;[1m"HMPPS Digital Services - Sign in"&amp#27;[0m&amp#27;[32m page&amp#27;[0m                      &amp#27;[90m# stepDefinitions.CommonSteps.im_on_vsip_page(java.lang.String)&amp#27;[0m
  &amp#27;[32mAnd &amp#27;[0m&amp#27;[32mI enter &amp#27;[0m&amp#27;[32m&amp#27;[1m"ANAGULA_GEN"&amp#27;[0m                                              &amp#27;[90m# stepDefinitions.LoginStepDefinitions.i_enter(java.lang.String)&amp#27;[0m
  &amp#27;[32mAnd &amp#27;[0m&amp#27;[32mI enter the &amp#27;[0m&amp#27;[32m&amp#27;[1m"Ministryofjustice10"&amp#27;[0m                                  &amp#27;[90m# stepDefinitions.LoginStepDefinitions.i_enter_the(java.lang.String)&amp#27;[0m
  &amp#27;[32mAnd &amp#27;[0m&amp#27;[32mclick on submit button&amp#27;[0m                                             &amp#27;[90m# stepDefinitions.CommonSteps.i_click_on_submit_button()&amp#27;[0m
  &amp#27;[32mThen &amp#27;[0m&amp#27;[32mIm on &amp#27;[0m&amp#27;[32m&amp#27;[1m"Manage prison visits - Manage prison visits"&amp#27;[0m&amp#27;[32m page&amp#27;[0m          &amp#27;[90m# stepDefinitions.CommonSteps.im_on_vsip_page(java.lang.String)&amp#27;[0m
  &amp#27;[32mAnd &amp#27;[0m&amp#27;[32mI click on Change a visit option&amp#27;[0m                                   &amp#27;[90m# stepDefinitions.HomeStepDefinitions.iClickOnChangeAVisitOption()&amp#27;[0m
  &amp#27;[32mAnd &amp#27;[0m&amp#27;[32mIm on &amp#27;[0m&amp#27;[32m&amp#27;[1m"Manage prison visits - Search for a booking"&amp#27;[0m&amp#27;[32m page&amp#27;[0m           &amp#27;[90m# stepDefinitions.CommonSteps.im_on_vsip_page(java.lang.String)&amp#27;[0m
  &amp#27;[32mAnd &amp#27;[0m&amp#27;[32mI enter &amp#27;[0m&amp#27;[32m&amp#27;[1m"ql"&amp#27;[0m&amp#27;[32m in first block&amp#27;[0m                                        &amp#27;[90m# stepDefinitions.SearchStepDefinitions.iEnterInFirstBlock(java.lang.String)&amp#27;[0m
  &amp#27;[32mAnd &amp#27;[0m&amp#27;[32mI enter &amp#27;[0m&amp#27;[32m&amp#27;[1m"iv"&amp#27;[0m&amp#27;[32m in second block&amp#27;[0m                                       &amp#27;[90m# stepDefinitions.SearchStepDefinitions.iEnterInSecondBlock(java.lang.String)&amp#27;[0m
  &amp#27;[32mAnd &amp#27;[0m&amp#27;[32mI enter &amp#27;[0m&amp#27;[32m&amp#27;[1m"or"&amp#27;[0m&amp#27;[32m in third block&amp#27;[0m                                        &amp#27;[90m# stepDefinitions.SearchStepDefinitions.iEnterInThirdBlock(java.lang.String)&amp#27;[0m
  &amp#27;[32mAnd &amp#27;[0m&amp#27;[32mI enter &amp#27;[0m&amp#27;[32m&amp#27;[1m"jm"&amp#27;[0m&amp#27;[32m in fourth block&amp#27;[0m                                       &amp#27;[90m# stepDefinitions.SearchStepDefinitions.iEnterInFourthBlock(java.lang.String)&amp#27;[0m
  &amp#27;[32mAnd &amp#27;[0m&amp#27;[32mclick on search button&amp#27;[0m                                             &amp#27;[90m# stepDefinitions.SearchStepDefinitions.clickOnSearchButton()&amp#27;[0m
  &amp#27;[32mThen &amp#27;[0m&amp#27;[32mI choose prison from search results&amp#27;[0m                               &amp#27;[90m# stepDefinitions.SearchStepDefinitions.i_choose_prison_from_search_results()&amp#27;[0m
  &amp#27;[32mThen &amp#27;[0m&amp#27;[32mIm on &amp#27;[0m&amp#27;[32m&amp#27;[1m"Manage prison visits - Booking details - ql-iv-or-jm"&amp#27;[0m&amp#27;[32m page&amp#27;[0m &amp#27;[90m# stepDefinitions.CommonSteps.im_on_vsip_page(java.lang.String)&amp#27;[0m
  &amp#27;[32mAnd &amp#27;[0m&amp#27;[32mI see &amp#27;[0m&amp#27;[32m&amp#27;[1m"Visit cancelled"&amp#27;[0m&amp#27;[32m message displayed on Booking details page&amp#27;[0m  &amp#27;[90m# stepDefinitions.BookingDetailsStepDefinitions.iSeeMessageDisplayedOnBookingDetailsPage(java.lang.String)&amp#27;[0m
  &amp#27;[32mAnd &amp#27;[0m&amp#27;[32mI sign out of the service&amp#27;[0m                                          &amp#27;[90m# stepDefinitions.CommonSteps.iSignOutOfTheService()&amp#27;[0m
]]></system-out>
    <system-err><![CDATA[SLF4J: Failed to load class "org.slf4j.impl.StaticLoggerBinder".
SLF4J: Defaulting to no-operation (NOP) logger implementation
SLF4J: See http://www.slf4j.org/codes.html#StaticLoggerBinder for further details.
Aug 07, 2023 11:43:19 AM org.openqa.selenium.manager.SeleniumManager getDriverPath
INFO: Applicable driver not found; attempting to install with Selenium Manager (Beta)
Starting ChromeDriver 114.0.5735.90 (386bc09e8f4f2e025eddae123f36f6263096ae49-refs/branch-heads/5735@{#1052}) on port 44727
Only local connections are allowed.
Please see https://chromedriver.chromium.org/security-considerations for suggestions on keeping ChromeDriver safe.
ChromeDriver was started successfully.
[1691405000.972][WARNING]: This version of ChromeDriver has not been tested with Chrome version 115.
Aug 07, 2023 11:43:21 AM org.openqa.selenium.devtools.CdpVersionFinder findNearestMatch
WARNING: Unable to find an exact match for CDP version 115, so returning the closest version found: 113
]]></system-err>
  </testcase>
</testsuite>