<?xml version="1.0" encoding="UTF-8"?>
<!-- Generated by org.testng.reporters.JUnitReportReporter -->
<testsuite hostname="MJ004519" failures="1" tests="2" name="suites.RunSuite" time="5.582" errors="0" timestamp="2023-07-17T12:53:49 BST" skipped="0">
  <testcase classname="suites.RunSuite" name="runScenario" time="0.651">
    <failure message="expected [HMPPS Digital Services - Sign in] but found [Manage prison visits - Manage prison visits]" type="java.lang.AssertionError">
      <![CDATA[java.lang.AssertionError: expected [HMPPS Digital Services - Sign in] but found [Manage prison visits - Manage prison visits]
at org.testng.Assert.fail(Assert.java:110)
at org.testng.Assert.failNotEquals(Assert.java:1577)
at org.testng.Assert.assertEqualsImpl(Assert.java:149)
at org.testng.Assert.assertEquals(Assert.java:131)
at org.testng.Assert.assertEquals(Assert.java:655)
at org.testng.Assert.assertEquals(Assert.java:665)
at pages.commonMethods.isPageTitleDisplayed(commonMethods.java:29)
at stepDefinitions.CommonSteps.im_on_vsip_page(CommonSteps.java:24)
at ✽.Im on "HMPPS Digital Services - Sign in" page(file:///Users/anu.nagula/Projects/hmpps-vsip-ui-tests/src/test/resources/features/Login.feature:6)
]]>
    </failure>
  </testcase> <!-- runScenario -->
  <system-out/>
  <testcase classname="suites.RunSuite" name="runScenario" time="4.931"/>
  <system-out/>
</testsuite> <!-- suites.RunSuite -->
